c:\users\public\make-rotation-light-yunhyunjoong\openglsample\openglsample\x64\debug\vc142.pdb
c:\users\public\make-rotation-light-yunhyunjoong\openglsample\openglsample\x64\debug\vc142.idb
c:\users\public\make-rotation-light-yunhyunjoong\openglsample\openglsample\x64\debug\sphere.obj
c:\users\public\make-rotation-light-yunhyunjoong\openglsample\openglsample\x64\debug\renderer.obj
c:\users\public\make-rotation-light-yunhyunjoong\openglsample\openglsample\x64\debug\renderableobject.obj
c:\users\public\make-rotation-light-yunhyunjoong\openglsample\openglsample\x64\debug\object.obj
c:\users\public\make-rotation-light-yunhyunjoong\openglsample\openglsample\x64\debug\nonrenderableobject.obj
c:\users\public\make-rotation-light-yunhyunjoong\openglsample\openglsample\x64\debug\main.obj
c:\users\public\make-rotation-light-yunhyunjoong\openglsample\openglsample\x64\debug\filemanager.obj
d:\문서\git\3dgamearchitecture\openglsample\x64\debug\vc142.pdb
d:\문서\git\3dgamearchitecture\openglsample\x64\debug\vc142.idb
d:\문서\git\3dgamearchitecture\openglsample\x64\debug\main.obj
d:\문서\git\3dgamearchitecture\openglsample\x64\debug\sphere.obj
d:\문서\git\3dgamearchitecture\openglsample\x64\debug\renderer.obj
d:\문서\git\3dgamearchitecture\openglsample\x64\debug\filemanager.obj
d:\문서\git\3dgamearchitecture\openglsample\x64\debug\renderableobject.obj
d:\문서\git\3dgamearchitecture\openglsample\x64\debug\object.obj
d:\문서\git\3dgamearchitecture\openglsample\x64\debug\nonrenderableobject.obj
d:\문서\git\3dgamearchitecture\openglsample\x64\debug\controller.obj
d:\문서\git\3dgamearchitecture\openglsample\x64\debug\human.obj
d:\문서\git\3dgamearchitecture\openglsample\x64\debug\time.obj
c:\users\public\make-rotation-light-yunhyunjoong\openglsample\x64\debug\openglsample.exe
c:\users\public\make-rotation-light-yunhyunjoong\openglsample\x64\debug\openglsample.ilk
c:\users\public\make-rotation-light-yunhyunjoong\openglsample\x64\debug\openglsample.pdb
d:\문서\git\3dgamearchitecture\x64\debug\openglsample.ilk
d:\문서\git\3dgamearchitecture\x64\debug\openglsample.exe
d:\문서\git\3dgamearchitecture\x64\debug\openglsample.pdb
d:\문서\git\3dgamearchitecture\openglsample\x64\debug\openglsample.tlog\cl.command.1.tlog
d:\문서\git\3dgamearchitecture\openglsample\x64\debug\openglsample.tlog\cl.read.1.tlog
d:\문서\git\3dgamearchitecture\openglsample\x64\debug\openglsample.tlog\cl.write.1.tlog
d:\문서\git\3dgamearchitecture\openglsample\x64\debug\openglsample.tlog\link.command.1.tlog
d:\문서\git\3dgamearchitecture\openglsample\x64\debug\openglsample.tlog\link.read.1.tlog
d:\문서\git\3dgamearchitecture\openglsample\x64\debug\openglsample.tlog\link.write.1.tlog
